0 info it worked if it ends with ok
1 verbose cli [ 'node', '/usr/local/bin/npm', 'install', '-g', 'ant' ]
2 info using npm@1.4.28
3 info using node@v0.10.32
4 verbose cache add [ 'ant', null ]
5 verbose cache add name=undefined spec="ant" args=["ant",null]
6 verbose parsed url { protocol: null,
6 verbose parsed url   slashes: null,
6 verbose parsed url   auth: null,
6 verbose parsed url   host: null,
6 verbose parsed url   port: null,
6 verbose parsed url   hostname: null,
6 verbose parsed url   hash: null,
6 verbose parsed url   search: null,
6 verbose parsed url   query: null,
6 verbose parsed url   pathname: 'ant',
6 verbose parsed url   path: 'ant',
6 verbose parsed url   href: 'ant' }
7 silly lockFile 64bd05d8-ant ant
8 verbose lock ant /Users/braunshedd/.npm/64bd05d8-ant.lock
9 silly lockFile 64bd05d8-ant ant
10 silly lockFile 64bd05d8-ant ant
11 verbose addNamed [ 'ant', '' ]
12 verbose addNamed [ null, '*' ]
13 silly lockFile d7cf9a18-ant ant@
14 verbose lock ant@ /Users/braunshedd/.npm/d7cf9a18-ant.lock
15 silly addNameRange { name: 'ant', range: '*', hasData: false }
16 verbose request where is /ant
17 verbose request registry https://registry.npmjs.org/
18 verbose request id aa2677c63f9ee28c
19 verbose url raw /ant
20 verbose url resolving [ 'https://registry.npmjs.org/', './ant' ]
21 verbose url resolved https://registry.npmjs.org/ant
22 verbose request where is https://registry.npmjs.org/ant
23 info trying registry request attempt 1 at 22:53:14
24 http GET https://registry.npmjs.org/ant
25 http 200 https://registry.npmjs.org/ant
26 silly registry.get cb [ 200,
26 silly registry.get   { date: 'Sat, 25 Oct 2014 03:53:14 GMT',
26 silly registry.get     server: 'CouchDB/1.5.0 (Erlang OTP/R16B03)',
26 silly registry.get     etag: '"4L2RYAKIWPU1VIS7LHWC2GPWQ"',
26 silly registry.get     'content-type': 'application/json',
26 silly registry.get     'cache-control': 'max-age=60',
26 silly registry.get     'content-length': '10046',
26 silly registry.get     'accept-ranges': 'bytes',
26 silly registry.get     via: '1.1 varnish',
26 silly registry.get     age: '0',
26 silly registry.get     'x-served-by': 'cache-dfw1828-DFW',
26 silly registry.get     'x-cache': 'MISS',
26 silly registry.get     'x-cache-hits': '0',
26 silly registry.get     'x-timer': 'S1414209194.368310,VS0,VE45',
26 silly registry.get     vary: 'Accept',
26 silly registry.get     'keep-alive': 'timeout=10, max=50',
26 silly registry.get     connection: 'Keep-Alive' } ]
27 silly addNameRange number 2 { name: 'ant', range: '*', hasData: true }
28 silly addNameRange versions [ 'ant', [ '0.0.0', '0.2.0' ] ]
29 verbose addNamed [ 'ant', '0.2.0' ]
30 verbose addNamed [ '0.2.0', '0.2.0' ]
31 silly lockFile 7828fd49-ant-0-2-0 ant@0.2.0
32 verbose lock ant@0.2.0 /Users/braunshedd/.npm/7828fd49-ant-0-2-0.lock
33 silly lockFile 16ed3adf-stry-npmjs-org-ant-ant-0-2-0-tgz https://registry.npmjs.org/ant/-/ant-0.2.0.tgz
34 verbose lock https://registry.npmjs.org/ant/-/ant-0.2.0.tgz /Users/braunshedd/.npm/16ed3adf-stry-npmjs-org-ant-ant-0-2-0-tgz.lock
35 verbose addRemoteTarball [ 'https://registry.npmjs.org/ant/-/ant-0.2.0.tgz',
35 verbose addRemoteTarball   'f4abbe0d6f9cc4f63db5d3a557450288a0f0a394' ]
36 info retry fetch attempt 1 at 22:53:14
37 verbose fetch to= /var/folders/75/pqgcs7vj4rqd2vrxkms_v0mm0000gn/T/npm-3723-NLTH-klL/registry.npmjs.org/ant/-/ant-0.2.0.tgz
38 http GET https://registry.npmjs.org/ant/-/ant-0.2.0.tgz
39 http 200 https://registry.npmjs.org/ant/-/ant-0.2.0.tgz
40 silly lockFile 16ed3adf-stry-npmjs-org-ant-ant-0-2-0-tgz https://registry.npmjs.org/ant/-/ant-0.2.0.tgz
41 silly lockFile 16ed3adf-stry-npmjs-org-ant-ant-0-2-0-tgz https://registry.npmjs.org/ant/-/ant-0.2.0.tgz
42 silly lockFile 7828fd49-ant-0-2-0 ant@0.2.0
43 silly lockFile 7828fd49-ant-0-2-0 ant@0.2.0
44 silly lockFile d7cf9a18-ant ant@
45 silly lockFile d7cf9a18-ant ant@
46 silly resolved [ { name: 'ant',
46 silly resolved     description: 'Apache Ant Adapter, execute Ant tasks from node',
46 silly resolved     keywords: [ 'ant', 'build', 'java' ],
46 silly resolved     homepage: 'http://github.com/millermedeiros/node-ant/',
46 silly resolved     version: '0.2.0',
46 silly resolved     author:
46 silly resolved      { name: 'Miller Medeiros',
46 silly resolved        url: 'http://blog.millermedeiros.com/' },
46 silly resolved     repository:
46 silly resolved      { type: 'git',
46 silly resolved        url: 'https://github.com/millermedeiros/node-ant.git' },
46 silly resolved     main: 'index.js',
46 silly resolved     bugs: { url: 'https://github.com/millermedeiros/node-ant/issues' },
46 silly resolved     licenses: [ [Object] ],
46 silly resolved     engines: { node: '~0.8.0' },
46 silly resolved     readme: '# node-ant\n\nExperimental [Apache Ant](http://ant.apache.org/) adapter for\n[node.js](http://nodejs.org).\n\nThis is a proof-of-concept more than anything else. Still unsure if it will\nactually work on multiple environments and if it is really a good idea.\n\n\n\n## Why?\n\nMany people been using [node.js to run build\nscripts](http://blog.millermedeiros.com/node-js-as-a-build-script/) and\neveryone is writting the same tasks for the most basic stuff like\ncopying/concateneting/deleting/ziping files and it will take a long time before\n*someone* implements [all the tasks present on\nAnt](http://ant.apache.org/manual/tasksoverview.html).\n\nProjects like [grunt](https://github.com/cowboy/grunt),\n[gear](https://github.com/yahoo/gear), [jake](https://github.com/mde/jake),\n[rivet](https://github.com/jaredhanson/rivet),\n[roto](https://github.com/diy/roto) and many others are all writting their own\ntasks to do the same things. TBH I think a better approach would be to create\nseparate libs that could do each task (or a group of tasks) and that wasn\'t\ntied to a specific build tool, and create tools that abused this (no need to\nconvert 3rd party lib into a plugin or author a new module just to use the\nmethods inside your build files).\n\nAnt contains [many advanced tasks](http://ant.apache.org/manual/tasksoverview.html)\nand is *battle tested* so it makes sense to reuse them instead of reinventing\nthe wheel.\n\nAnt is also not that easy to install on Windows since you need to configure the\n`ANT_HOME`, `CLASSPATH` and `JAVA_HOME` paths. So it\'s easier to use\na standalone version of Ant that is distributed together with the\n[npm](http://npmjs.org) package. The Java Runtime is avaialble on most\ncomputers so calling the ant executable should work out of the box on most\ncases.\n\nThe idea is not to write multiple ant `<target>`s, but to treat Ant as\na standalone lib that can be called from a node.js script. Performance isn\'t\nthat great (since JVM isn\'t as fast as node) but it is still better than\nwritting error-prone tasks that gets half of the job done.\n\nBuild tools based solely on configuration are doomed to "fail" the same way as\nAnt did "failed". You can\'t express all edge-cases with configuration without\ncreating an overly complex system. Some things that could be easily done with\na `for` loop and a few `if/else` are a huge PITA with a descriptive syntax\n(XML/JSON). The main reason why I moved my build scripts to node.js is to the\nget freedom to write new tasks by myself without major pains, locking down your\nbuild to a system that can only be extended by writting plugins that accepts\na simple config object won\'t scale up. Let\'s use Ant for what it is good for\n(broad amount of battle tested tasks with flexible config options) and use\nplain JavaScript for those tasks that aren\'t covered by Ant.\n\nMaybe this project will motivate someone to port the most important Ant tasks\nto plain JavaScript. I still haven\'t found a single node task that is as\ncomplete the ones provided by Ant, see for instance all the options available\non the [copy task](http://ant.apache.org/manual/Tasks/copy.html) (multiple\n`include`/`exclude`, `filter`, `globmapper`, download internet files,\n`flatten`, etc...).\n\n\n\n## How?\n\nThe idea is to use the Ant as if it was a standalone library that can be called\nfrom node.js, that way you can reuse them in your custom node.js build files\nwhen necessary.\n\nIt will simply convert JSON-like objects into a temporary XML file and execute\nthe standalone version of Ant passing the custom arguments. This tool is just\na "bridge" between Node.js and the Ant JAR file.\n\n\n\n## Example\n\nExecute the test file to see a very basic example:\n\n    node test\n\nYou can run it from another node.js program:\n\n```js\nvar ant = require(\'ant\');\n\nant.exec({\n    // concat task (http://ant.apache.org/manual/Tasks/concat.html)\n    concat : {\n        fileset : {\n            \'@dir\' : \'.\',\n            include : {\n                \'@name\' : \'*.js\'\n            }\n        }\n    }\n}, function(err, stdout, stderror){\n    // it doesn\'t throw any errors and also doesn\'t log the stdout by\n    // default that way you can control what you want to do.\n    if (stdout) console.log(stdout);\n    if (stderror) console.log(stderror);\n    if (err) throw err;\n});\n```\n\n\n\n## Documentation\n\nRight now it contains a single method `exec()` that accepts an object with each\ntask and a callback. The tasks are just JSON-like representation of the XML\nmarkup needed to execute each task, `node-ant` will convert it back to XML\nduring the `exec`.\n\n\n### `ant.exec(tasks, [args], callback)`\n\n - **tasks**:\n   - JSON-like object containing Ant tasks to be executed.\n - **[args]**:\n   - Command line arguments passed to the ant executable.\n - **callback**\n   - Function executed after `exec` finishes. Will receive the following\n     arguments: (err, stdout, stderr).\n\n\n### JXON syntax\n\nAttributes starts with `@`.\n\n    > { foo : { \'@bar\' : 123 }}\n    <foo bar="123" />\n\nThe XML node text value is stored as the actual key value if node doesn\'t\ncontain attributes and/or child nodes or on a special property `keyValue`.\n\n    > {\n        foo : \'Lorem Ipsum\'\n    }\n    <foo>Lorem Ipsum</foo>\n\n    > {\n        foo : {\n            \'@bar\' : 123,\n            keyValue : \'Lorem Ipsum\'\n        }\n    }\n    <foo bar="123">Lorem Ipsum</foo>\n\n    > {\n        concat : {\n            fileset : {\n                \'@dir\' : \'.\',\n                include : {\n                    \'@name\' : \'*.js\'\n                }\n            }\n        }\n    }\n    <concat><fileset dir="."><include name="*.js" /></fileset></concat>\n\nUse the [Ant tasks\ndocumentation](http://ant.apache.org/manual/tasksoverview.html) as reference.\n\n\n\n## Important\n\nThis project is on early experimental phase. The way that `ant.exec` is called\nmight change in the future, specially since the\n[JXON](https://developer.mozilla.org/en/JXON) format currently used doesn\'t\nallow XML nodes with same name that aren\'t adjacent to each other (object can\'t\nhave multiple properties with the same key). So I might end up changing the\nformat to something closer to [JSONML](http://www.jsonml.org/) or use some sort\nof special token to differentiate duplicates (eg. `echo#1`, `echo#2`).\n\n\n\n## TODO\n\n - Test on a computer that doesn\'t have JDK installed.\n - Check if it is possible to ship with a standalone version of JDK for the\n   advanced tasks.\n - Make it possible to log to console without waiting the whole task to finish.\n\n\n\n## Requirements\n\n - node.js 0.8.0+\n - Java\n - JDK 1.4+ (depending on which task you use)\n\n\n\n## Changelog\n\n### v0.2.0 (2012/08/03)\n\n - add support to functions on tasks (for [script](http://ant.apache.org/manual/Tasks/script.html) task). [Thanks to @Diullei](https://gist.github.com/3245017)\n - small refactor to jxon to improve readability and autoclose empty tags.\n\n\n### v0.1.0 (2012/08/02)\n\n - initial release.\n\n\n\n## License\n\nnode-ant is distributed under the MIT license.\n\nApache Ant is distributed under the Apache License.\n',
46 silly resolved     _id: 'ant@0.2.0',
46 silly resolved     dist:
46 silly resolved      { shasum: 'f4abbe0d6f9cc4f63db5d3a557450288a0f0a394',
46 silly resolved        tarball: 'http://registry.npmjs.org/ant/-/ant-0.2.0.tgz' },
46 silly resolved     maintainers: [ [Object] ],
46 silly resolved     directories: {},
46 silly resolved     _shasum: 'f4abbe0d6f9cc4f63db5d3a557450288a0f0a394',
46 silly resolved     _from: 'ant@',
46 silly resolved     _resolved: 'https://registry.npmjs.org/ant/-/ant-0.2.0.tgz' } ]
47 info install ant@0.2.0 into /usr/local/lib
48 info installOne ant@0.2.0
49 warn engine ant@0.2.0: wanted: {"node":"~0.8.0"} (current: {"node":"0.10.32","npm":"1.4.28"})
50 verbose lib/node_modules/ant unbuild
51 verbose tar unpack /Users/braunshedd/.npm/ant/0.2.0/package.tgz
52 silly lockFile bf3d4f9a-r-usr-local-lib-node-modules-ant tar:///usr/local/lib/node_modules/ant
53 verbose lock tar:///usr/local/lib/node_modules/ant /Users/braunshedd/.npm/bf3d4f9a-r-usr-local-lib-node-modules-ant.lock
54 silly lockFile ccbd7288-nshedd-npm-ant-0-2-0-package-tgz tar:///Users/braunshedd/.npm/ant/0.2.0/package.tgz
55 verbose lock tar:///Users/braunshedd/.npm/ant/0.2.0/package.tgz /Users/braunshedd/.npm/ccbd7288-nshedd-npm-ant-0-2-0-package-tgz.lock
56 silly gunzTarPerm modes [ '755', '644' ]
57 error Error: EACCES, mkdir '/usr/local/lib/node_modules/ant'
57 error  { [Error: EACCES, mkdir '/usr/local/lib/node_modules/ant']
57 error   errno: 3,
57 error   code: 'EACCES',
57 error   path: '/usr/local/lib/node_modules/ant',
57 error   fstream_type: 'Directory',
57 error   fstream_path: '/usr/local/lib/node_modules/ant',
57 error   fstream_class: 'DirWriter',
57 error   fstream_stack:
57 error    [ '/usr/local/lib/node_modules/npm/node_modules/fstream/lib/dir-writer.js:36:23',
57 error      '/usr/local/lib/node_modules/npm/node_modules/mkdirp/index.js:46:53',
57 error      'Object.oncomplete (fs.js:107:15)' ] }
58 error Please try running this command again as root/Administrator.
59 error System Darwin 14.0.0
60 error command "node" "/usr/local/bin/npm" "install" "-g" "ant"
61 error cwd /Users/braunshedd/Desktop/Hackathon/TAMU/CordovaApp
62 error node -v v0.10.32
63 error npm -v 1.4.28
64 error path /usr/local/lib/node_modules/ant
65 error fstream_path /usr/local/lib/node_modules/ant
66 error fstream_type Directory
67 error fstream_class DirWriter
68 error code EACCES
69 error errno 3
70 error stack Error: EACCES, mkdir '/usr/local/lib/node_modules/ant'
71 error fstream_stack /usr/local/lib/node_modules/npm/node_modules/fstream/lib/dir-writer.js:36:23
71 error fstream_stack /usr/local/lib/node_modules/npm/node_modules/mkdirp/index.js:46:53
71 error fstream_stack Object.oncomplete (fs.js:107:15)
72 verbose exit [ 3, true ]
